This file contains any messages produced by compilers while
running configure, to aid debugging if configure makes a mistake.

It was created by libXft configure 2.3.2, which was
generated by GNU Autoconf 2.69.  Invocation command line was

  $ ../configure --build=x86_64-linux-gnu --prefix=/usr --includedir=${prefix}/include --mandir=${prefix}/share/man --infodir=${prefix}/share/info --sysconfdir=/etc --localstatedir=/var --disable-silent-rules --libdir=${prefix}/lib/x86_64-linux-gnu --libexecdir=${prefix}/lib/x86_64-linux-gnu --runstatedir=/run --disable-maintainer-mode --disable-dependency-tracking

## --------- ##
## Platform. ##
## --------- ##

hostname = x240
uname -m = x86_64
uname -r = 4.19.0-9-amd64
uname -s = Linux
uname -v = #1 SMP Debian 4.19.118-2+deb10u1 (2020-06-07)

/usr/bin/uname -p = unknown
/bin/uname -X     = unknown

/bin/arch              = x86_64
/usr/bin/arch -k       = unknown
/usr/convex/getsysinfo = unknown
/usr/bin/hostinfo      = unknown
/bin/machine           = unknown
/usr/bin/oslevel       = unknown
/bin/universe          = unknown

PATH: /home/antonio/.local/bin
PATH: /usr/local/bin
PATH: /usr/bin
PATH: /bin
PATH: /usr/local/games
PATH: /usr/games


## ----------- ##
## Core tests. ##
## ----------- ##

configure:2290: checking for a BSD-compatible install
configure:2358: result: /usr/bin/install -c
configure:2369: checking whether build environment is sane
configure:2424: result: yes
configure:2573: checking for a thread-safe mkdir -p
configure:2612: result: /usr/bin/mkdir -p
configure:2619: checking for gawk
configure:2649: result: no
configure:2619: checking for mawk
configure:2635: found /usr/bin/mawk
configure:2646: result: mawk
configure:2657: checking whether make sets $(MAKE)
configure:2679: result: yes
configure:2708: checking whether make supports nested variables
configure:2725: result: yes
configure:2882: checking build system type
configure:2896: result: x86_64-pc-linux-gnu
configure:2916: checking host system type
configure:2929: result: x86_64-pc-linux-gnu
configure:2970: checking how to print strings
configure:2997: result: printf
configure:3022: checking whether make supports the include directive
configure:3037: make -f confmf.GNU && cat confinc.out
make[1]: Entering directory '/home/antonio/xft-2.3.2/build'
make[1]: Leaving directory '/home/antonio/xft-2.3.2/build'
this is the am__doit target
configure:3040: $? = 0
configure:3059: result: yes (GNU style)
configure:3129: checking for gcc
configure:3145: found /usr/bin/gcc
configure:3156: result: gcc
configure:3385: checking for C compiler version
configure:3394: gcc --version >&5
gcc (Debian 8.3.0-6) 8.3.0
Copyright (C) 2018 Free Software Foundation, Inc.
This is free software; see the source for copying conditions.  There is NO
warranty; not even for MERCHANTABILITY or FITNESS FOR A PARTICULAR PURPOSE.

configure:3405: $? = 0
configure:3394: gcc -v >&5
Using built-in specs.
COLLECT_GCC=gcc
COLLECT_LTO_WRAPPER=/usr/lib/gcc/x86_64-linux-gnu/8/lto-wrapper
OFFLOAD_TARGET_NAMES=nvptx-none
OFFLOAD_TARGET_DEFAULT=1
Target: x86_64-linux-gnu
Configured with: ../src/configure -v --with-pkgversion='Debian 8.3.0-6' --with-bugurl=file:///usr/share/doc/gcc-8/README.Bugs --enable-languages=c,ada,c++,go,brig,d,fortran,objc,obj-c++ --prefix=/usr --with-gcc-major-version-only --program-suffix=-8 --program-prefix=x86_64-linux-gnu- --enable-shared --enable-linker-build-id --libexecdir=/usr/lib --without-included-gettext --enable-threads=posix --libdir=/usr/lib --enable-nls --enable-bootstrap --enable-clocale=gnu --enable-libstdcxx-debug --enable-libstdcxx-time=yes --with-default-libstdcxx-abi=new --enable-gnu-unique-object --disable-vtable-verify --enable-libmpx --enable-plugin --enable-default-pie --with-system-zlib --with-target-system-zlib --enable-objc-gc=auto --enable-multiarch --disable-werror --with-arch-32=i686 --with-abi=m64 --with-multilib-list=m32,m64,mx32 --enable-multilib --with-tune=generic --enable-offload-targets=nvptx-none --without-cuda-driver --enable-checking=release --build=x86_64-linux-gnu --host=x86_64-linux-gnu --target=x86_64-linux-gnu
Thread model: posix
gcc version 8.3.0 (Debian 8.3.0-6) 
configure:3405: $? = 0
configure:3394: gcc -V >&5
gcc: error: unrecognized command line option '-V'
gcc: fatal error: no input files
compilation terminated.
configure:3405: $? = 1
configure:3394: gcc -qversion >&5
gcc: error: unrecognized command line option '-qversion'; did you mean '--version'?
gcc: fatal error: no input files
compilation terminated.
configure:3405: $? = 1
configure:3425: checking whether the C compiler works
configure:3447: gcc -g -O2 -fdebug-prefix-map=/home/antonio/xft-2.3.2=. -fstack-protector-strong -Wformat -Werror=format-security -Wdate-time -D_FORTIFY_SOURCE=2 -Wl,-z,relro conftest.c  >&5
configure:3451: $? = 0
configure:3499: result: yes
configure:3502: checking for C compiler default output file name
configure:3504: result: a.out
configure:3510: checking for suffix of executables
configure:3517: gcc -o conftest -g -O2 -fdebug-prefix-map=/home/antonio/xft-2.3.2=. -fstack-protector-strong -Wformat -Werror=format-security -Wdate-time -D_FORTIFY_SOURCE=2 -Wl,-z,relro conftest.c  >&5
configure:3521: $? = 0
configure:3543: result: 
configure:3565: checking whether we are cross compiling
configure:3573: gcc -o conftest -g -O2 -fdebug-prefix-map=/home/antonio/xft-2.3.2=. -fstack-protector-strong -Wformat -Werror=format-security -Wdate-time -D_FORTIFY_SOURCE=2 -Wl,-z,relro conftest.c  >&5
configure:3577: $? = 0
configure:3584: ./conftest
configure:3588: $? = 0
configure:3576: result: no
configure:3581: checking for suffix of object files
configure:3603: gcc -c -g -O2 -fdebug-prefix-map=/home/antonio/xft-2.3.2=. -fstack-protector-strong -Wformat -Werror=format-security -Wdate-time -D_FORTIFY_SOURCE=2 conftest.c >&5
configure:3607: $? = 0
configure:3628: result: o
configure:3632: checking whether we are using the GNU C compiler
configure:3651: gcc -c -g -O2 -fdebug-prefix-map=/home/antonio/xft-2.3.2=. -fstack-protector-strong -Wformat -Werror=format-security -Wdate-time -D_FORTIFY_SOURCE=2 conftest.c >&5
configure:3651: $? = 0
configure:3660: result: yes
configure:3669: checking whether gcc accepts -g
configure:3689: gcc -c -g -Wdate-time -D_FORTIFY_SOURCE=2 conftest.c >&5
configure:3689: $? = 0
configure:3730: result: yes
configure:3747: checking for gcc option to accept ISO C89
configure:3810: gcc  -c -g -O2 -fdebug-prefix-map=/home/antonio/xft-2.3.2=. -fstack-protector-strong -Wformat -Werror=format-security -Wdate-time -D_FORTIFY_SOURCE=2 conftest.c >&5
configure:3810: $? = 0
configure:3823: result: none needed
configure:3848: checking whether gcc understands -c and -o together
configure:3870: gcc -c conftest.c -o conftest2.o
configure:3873: $? = 0
configure:3870: gcc -c conftest.c -o conftest2.o
configure:3873: $? = 0
configure:3885: result: yes
configure:3904: checking dependency style of gcc
configure:4015: result: none
configure:4030: checking for a sed that does not truncate output
configure:4094: result: /usr/bin/sed
configure:4112: checking for grep that handles long lines and -e
configure:4170: result: /usr/bin/grep
configure:4175: checking for egrep
configure:4237: result: /usr/bin/grep -E
configure:4242: checking for fgrep
configure:4304: result: /usr/bin/grep -F
configure:4339: checking for ld used by gcc
configure:4406: result: /usr/bin/ld
configure:4413: checking if the linker (/usr/bin/ld) is GNU ld
configure:4428: result: yes
configure:4440: checking for BSD- or MS-compatible name lister (nm)
configure:4494: result: /usr/bin/nm -B
configure:4624: checking the name lister (/usr/bin/nm -B) interface
configure:4631: gcc -c -g -O2 -fdebug-prefix-map=/home/antonio/xft-2.3.2=. -fstack-protector-strong -Wformat -Werror=format-security -Wdate-time -D_FORTIFY_SOURCE=2 conftest.c >&5
configure:4634: /usr/bin/nm -B "conftest.o"
configure:4637: output
0000000000000000 B some_variable
configure:4638: result: BSD nm
configure:4641: checking whether ln -s works
configure:4645: result: yes
configure:4653: checking the maximum length of command line arguments
configure:4784: result: 1572864
configure:4832: checking how to convert x86_64-pc-linux-gnu file names to x86_64-pc-linux-gnu format
configure:4872: result: func_convert_file_noop
configure:4879: checking how to convert x86_64-pc-linux-gnu file names to toolchain format
configure:4899: result: func_convert_file_noop
configure:4906: checking for /usr/bin/ld option to reload object files
configure:4913: result: -r
configure:4987: checking for objdump
configure:5003: found /usr/bin/objdump
configure:5014: result: objdump
configure:5046: checking how to recognize dependent libraries
configure:5246: result: pass_all
configure:5331: checking for dlltool
configure:5361: result: no
configure:5391: checking how to associate runtime and link libraries
configure:5418: result: printf %s\n
configure:5479: checking for ar
configure:5495: found /usr/bin/ar
configure:5506: result: ar
configure:5543: checking for archiver @FILE support
configure:5560: gcc -c -g -O2 -fdebug-prefix-map=/home/antonio/xft-2.3.2=. -fstack-protector-strong -Wformat -Werror=format-security -Wdate-time -D_FORTIFY_SOURCE=2 conftest.c >&5
configure:5560: $? = 0
configure:5563: ar cru libconftest.a @conftest.lst >&5
ar: `u' modifier ignored since `D' is the default (see `U')
configure:5566: $? = 0
configure:5571: ar cru libconftest.a @conftest.lst >&5
ar: `u' modifier ignored since `D' is the default (see `U')
ar: conftest.o: No such file or directory
configure:5574: $? = 1
configure:5573: result: @
configure:5631: checking for strip
configure:5647: found /usr/bin/strip
configure:5658: result: strip
configure:5730: checking for ranlib
configure:5746: found /usr/bin/ranlib
configure:5757: result: ranlib
configure:5859: checking command to parse /usr/bin/nm -B output from gcc object
configure:6012: gcc -c -g -O2 -fdebug-prefix-map=/home/antonio/xft-2.3.2=. -fstack-protector-strong -Wformat -Werror=format-security -Wdate-time -D_FORTIFY_SOURCE=2 conftest.c >&5
configure:6015: $? = 0
configure:6019: /usr/bin/nm -B conftest.o | sed -n -e 's/^.*[	 ]\([ABCDGIRSTW][ABCDGIRSTW]*\)[	 ][	 ]*\([_A-Za-z][_A-Za-z0-9]*\)$/\1 \2 \2/p' | sed '/ __gnu_lto/d' > conftest.nm
configure:6085: gcc -o conftest -g -O2 -fdebug-prefix-map=/home/antonio/xft-2.3.2=. -fstack-protector-strong -Wformat -Werror=format-security -Wdate-time -D_FORTIFY_SOURCE=2 -Wl,-z,relro conftest.c conftstm.o >&5
configure:6088: $? = 0
configure:6126: result: ok
configure:6173: checking for sysroot
configure:6203: result: no
configure:6210: checking for a working dd
configure:6248: result: /usr/bin/dd
configure:6252: checking how to truncate binary pipes
configure:6267: result: /usr/bin/dd bs=4096 count=1
configure:6403: gcc -c -g -O2 -fdebug-prefix-map=/home/antonio/xft-2.3.2=. -fstack-protector-strong -Wformat -Werror=format-security -Wdate-time -D_FORTIFY_SOURCE=2 conftest.c >&5
configure:6406: $? = 0
configure:6596: checking for mt
configure:6612: found /usr/bin/mt
configure:6623: result: mt
configure:6646: checking if mt is a manifest tool
configure:6652: mt '-?'
configure:6660: result: no
configure:7337: checking how to run the C preprocessor
configure:7368: gcc -E -Wdate-time -D_FORTIFY_SOURCE=2 conftest.c
configure:7368: $? = 0
configure:7382: gcc -E -Wdate-time -D_FORTIFY_SOURCE=2 conftest.c
conftest.c:11:10: fatal error: ac_nonexistent.h: No such file or directory
 #include <ac_nonexistent.h>
          ^~~~~~~~~~~~~~~~~~
compilation terminated.
configure:7382: $? = 1
configure: failed program was:
| /* confdefs.h */
| #define PACKAGE_NAME "libXft"
| #define PACKAGE_TARNAME "libXft"
| #define PACKAGE_VERSION "2.3.2"
| #define PACKAGE_STRING "libXft 2.3.2"
| #define PACKAGE_BUGREPORT "https://bugs.freedesktop.org/enter_bug.cgi?product=xorg"
| #define PACKAGE_URL ""
| #define PACKAGE "libXft"
| #define VERSION "2.3.2"
| /* end confdefs.h.  */
| #include <ac_nonexistent.h>
configure:7407: result: gcc -E
configure:7427: gcc -E -Wdate-time -D_FORTIFY_SOURCE=2 conftest.c
configure:7427: $? = 0
configure:7441: gcc -E -Wdate-time -D_FORTIFY_SOURCE=2 conftest.c
conftest.c:11:10: fatal error: ac_nonexistent.h: No such file or directory
 #include <ac_nonexistent.h>
          ^~~~~~~~~~~~~~~~~~
compilation terminated.
configure:7441: $? = 1
configure: failed program was:
| /* confdefs.h */
| #define PACKAGE_NAME "libXft"
| #define PACKAGE_TARNAME "libXft"
| #define PACKAGE_VERSION "2.3.2"
| #define PACKAGE_STRING "libXft 2.3.2"
| #define PACKAGE_BUGREPORT "https://bugs.freedesktop.org/enter_bug.cgi?product=xorg"
| #define PACKAGE_URL ""
| #define PACKAGE "libXft"
| #define VERSION "2.3.2"
| /* end confdefs.h.  */
| #include <ac_nonexistent.h>
configure:7470: checking for ANSI C header files
configure:7490: gcc -c -g -O2 -fdebug-prefix-map=/home/antonio/xft-2.3.2=. -fstack-protector-strong -Wformat -Werror=format-security -Wdate-time -D_FORTIFY_SOURCE=2 conftest.c >&5
configure:7490: $? = 0
configure:7563: gcc -o conftest -g -O2 -fdebug-prefix-map=/home/antonio/xft-2.3.2=. -fstack-protector-strong -Wformat -Werror=format-security -Wdate-time -D_FORTIFY_SOURCE=2 -Wl,-z,relro conftest.c  >&5
configure:7563: $? = 0
configure:7563: ./conftest
configure:7563: $? = 0
configure:7574: result: yes
configure:7587: checking for sys/types.h
configure:7587: gcc -c -g -O2 -fdebug-prefix-map=/home/antonio/xft-2.3.2=. -fstack-protector-strong -Wformat -Werror=format-security -Wdate-time -D_FORTIFY_SOURCE=2 conftest.c >&5
configure:7587: $? = 0
configure:7587: result: yes
configure:7587: checking for sys/stat.h
configure:7587: gcc -c -g -O2 -fdebug-prefix-map=/home/antonio/xft-2.3.2=. -fstack-protector-strong -Wformat -Werror=format-security -Wdate-time -D_FORTIFY_SOURCE=2 conftest.c >&5
configure:7587: $? = 0
configure:7587: result: yes
configure:7587: checking for stdlib.h
configure:7587: gcc -c -g -O2 -fdebug-prefix-map=/home/antonio/xft-2.3.2=. -fstack-protector-strong -Wformat -Werror=format-security -Wdate-time -D_FORTIFY_SOURCE=2 conftest.c >&5
configure:7587: $? = 0
configure:7587: result: yes
configure:7587: checking for string.h
configure:7587: gcc -c -g -O2 -fdebug-prefix-map=/home/antonio/xft-2.3.2=. -fstack-protector-strong -Wformat -Werror=format-security -Wdate-time -D_FORTIFY_SOURCE=2 conftest.c >&5
configure:7587: $? = 0
configure:7587: result: yes
configure:7587: checking for memory.h
configure:7587: gcc -c -g -O2 -fdebug-prefix-map=/home/antonio/xft-2.3.2=. -fstack-protector-strong -Wformat -Werror=format-security -Wdate-time -D_FORTIFY_SOURCE=2 conftest.c >&5
configure:7587: $? = 0
configure:7587: result: yes
configure:7587: checking for strings.h
configure:7587: gcc -c -g -O2 -fdebug-prefix-map=/home/antonio/xft-2.3.2=. -fstack-protector-strong -Wformat -Werror=format-security -Wdate-time -D_FORTIFY_SOURCE=2 conftest.c >&5
configure:7587: $? = 0
configure:7587: result: yes
configure:7587: checking for inttypes.h
configure:7587: gcc -c -g -O2 -fdebug-prefix-map=/home/antonio/xft-2.3.2=. -fstack-protector-strong -Wformat -Werror=format-security -Wdate-time -D_FORTIFY_SOURCE=2 conftest.c >&5
configure:7587: $? = 0
configure:7587: result: yes
configure:7587: checking for stdint.h
configure:7587: gcc -c -g -O2 -fdebug-prefix-map=/home/antonio/xft-2.3.2=. -fstack-protector-strong -Wformat -Werror=format-security -Wdate-time -D_FORTIFY_SOURCE=2 conftest.c >&5
configure:7587: $? = 0
configure:7587: result: yes
configure:7587: checking for unistd.h
configure:7587: gcc -c -g -O2 -fdebug-prefix-map=/home/antonio/xft-2.3.2=. -fstack-protector-strong -Wformat -Werror=format-security -Wdate-time -D_FORTIFY_SOURCE=2 conftest.c >&5
configure:7587: $? = 0
configure:7587: result: yes
configure:7601: checking for dlfcn.h
configure:7601: gcc -c -g -O2 -fdebug-prefix-map=/home/antonio/xft-2.3.2=. -fstack-protector-strong -Wformat -Werror=format-security -Wdate-time -D_FORTIFY_SOURCE=2 conftest.c >&5
configure:7601: $? = 0
configure:7601: result: yes
configure:7857: checking for objdir
configure:7872: result: .libs
configure:8132: checking if gcc supports -fno-rtti -fno-exceptions
configure:8150: gcc -c -g -O2 -fdebug-prefix-map=/home/antonio/xft-2.3.2=. -fstack-protector-strong -Wformat -Werror=format-security -Wdate-time -D_FORTIFY_SOURCE=2 -fno-rtti -fno-exceptions conftest.c >&5
cc1: warning: command line option '-fno-rtti' is valid for C++/ObjC++ but not for C
configure:8154: $? = 0
configure:8167: result: no
configure:8525: checking for gcc option to produce PIC
configure:8532: result: -fPIC -DPIC
configure:8540: checking if gcc PIC flag -fPIC -DPIC works
configure:8558: gcc -c -g -O2 -fdebug-prefix-map=/home/antonio/xft-2.3.2=. -fstack-protector-strong -Wformat -Werror=format-security -Wdate-time -D_FORTIFY_SOURCE=2 -fPIC -DPIC -DPIC conftest.c >&5
configure:8562: $? = 0
configure:8575: result: yes
configure:8604: checking if gcc static flag -static works
configure:8632: result: yes
configure:8647: checking if gcc supports -c -o file.o
configure:8668: gcc -c -g -O2 -fdebug-prefix-map=/home/antonio/xft-2.3.2=. -fstack-protector-strong -Wformat -Werror=format-security -Wdate-time -D_FORTIFY_SOURCE=2 -o out/conftest2.o conftest.c >&5
configure:8672: $? = 0
configure:8694: result: yes
configure:8702: checking if gcc supports -c -o file.o
configure:8749: result: yes
configure:8782: checking whether the gcc linker (/usr/bin/ld -m elf_x86_64) supports shared libraries
configure:10045: result: yes
configure:10082: checking whether -lc should be explicitly linked in
configure:10090: gcc -c -g -O2 -fdebug-prefix-map=/home/antonio/xft-2.3.2=. -fstack-protector-strong -Wformat -Werror=format-security -Wdate-time -D_FORTIFY_SOURCE=2 conftest.c >&5
configure:10093: $? = 0
configure:10108: gcc -shared  -fPIC -DPIC conftest.o  -v -Wl,-soname -Wl,conftest -o conftest 2\>\&1 \| /usr/bin/grep  -lc  \>/dev/null 2\>\&1
configure:10111: $? = 0
configure:10125: result: no
configure:10285: checking dynamic linker characteristics
configure:10866: gcc -o conftest -g -O2 -fdebug-prefix-map=/home/antonio/xft-2.3.2=. -fstack-protector-strong -Wformat -Werror=format-security -Wdate-time -D_FORTIFY_SOURCE=2 -Wl,-z,relro -Wl,-rpath -Wl,/foo conftest.c  >&5
configure:10866: $? = 0
configure:11115: result: GNU/Linux ld.so
configure:11237: checking how to hardcode library paths into programs
configure:11262: result: immediate
configure:11810: checking whether stripping libraries is possible
configure:11815: result: yes
configure:11850: checking if libtool supports shared libraries
configure:11852: result: yes
configure:11855: checking whether to build shared libraries
configure:11880: result: yes
configure:11883: checking whether to build static libraries
configure:11887: result: yes
configure:8713: checking for gcc option to accept ISO C99
configure:8862: gcc  -c -g -O2 -fdebug-prefix-map=/home/antonio/xft-2.3.2=. -fstack-protector-strong -Wformat -Werror=format-security -Wdate-time -D_FORTIFY_SOURCE=2 conftest.c >&5
configure:8862: $? = 0
configure:8875: result: none needed
configure:8894: checking whether __clang__ is declared
configure:8894: gcc -c -g -O2 -fdebug-prefix-map=/home/antonio/xft-2.3.2=. -fstack-protector-strong -Wformat -Werror=format-security -Wdate-time -D_FORTIFY_SOURCE=2 conftest.c >&5
conftest.c: In function 'main':
conftest.c:63:10: error: '__clang__' undeclared (first use in this function); did you mean '__clock_t'?
   (void) __clang__;
          ^~~~~~~~~
          __clock_t
conftest.c:63:10: note: each undeclared identifier is reported only once for each function it appears in
configure:8894: $? = 1
configure: failed program was:
| /* confdefs.h */
| #define PACKAGE_NAME "libXft"
| #define PACKAGE_TARNAME "libXft"
| #define PACKAGE_VERSION "2.3.2"
| #define PACKAGE_STRING "libXft 2.3.2"
| #define PACKAGE_BUGREPORT "https://bugs.freedesktop.org/enter_bug.cgi?product=xorg"
| #define PACKAGE_URL ""
| #define PACKAGE "libXft"
| #define VERSION "2.3.2"
| #define STDC_HEADERS 1
| #define HAVE_SYS_TYPES_H 1
| #define HAVE_SYS_STAT_H 1
| #define HAVE_STDLIB_H 1
| #define HAVE_STRING_H 1
| #define HAVE_MEMORY_H 1
| #define HAVE_STRINGS_H 1
| #define HAVE_INTTYPES_H 1
| #define HAVE_STDINT_H 1
| #define HAVE_UNISTD_H 1
| #define HAVE_DLFCN_H 1
| #define LT_OBJDIR ".libs/"
| /* end confdefs.h.  */
| #include <stdio.h>
| #ifdef HAVE_SYS_TYPES_H
| # include <sys/types.h>
| #endif
| #ifdef HAVE_SYS_STAT_H
| # include <sys/stat.h>
| #endif
| #ifdef STDC_HEADERS
| # include <stdlib.h>
| # include <stddef.h>
| #else
| # ifdef HAVE_STDLIB_H
| #  include <stdlib.h>
| # endif
| #endif
| #ifdef HAVE_STRING_H
| # if !defined STDC_HEADERS && defined HAVE_MEMORY_H
| #  include <memory.h>
| # endif
| # include <string.h>
| #endif
| #ifdef HAVE_STRINGS_H
| # include <strings.h>
| #endif
| #ifdef HAVE_INTTYPES_H
| # include <inttypes.h>
| #endif
| #ifdef HAVE_STDINT_H
| # include <stdint.h>
| #endif
| #ifdef HAVE_UNISTD_H
| # include <unistd.h>
| #endif
| int
| main ()
| {
| #ifndef __clang__
| #ifdef __cplusplus
|   (void) __clang__;
| #else
|   (void) __clang__;
| #endif
| #endif
| 
|   ;
|   return 0;
| }
configure:8894: result: no
configure:8901: checking whether __INTEL_COMPILER is declared
configure:8901: gcc -c -g -O2 -fdebug-prefix-map=/home/antonio/xft-2.3.2=. -fstack-protector-strong -Wformat -Werror=format-security -Wdate-time -D_FORTIFY_SOURCE=2 conftest.c >&5
conftest.c: In function 'main':
conftest.c:63:10: error: '__INTEL_COMPILER' undeclared (first use in this function)
   (void) __INTEL_COMPILER;
          ^~~~~~~~~~~~~~~~
conftest.c:63:10: note: each undeclared identifier is reported only once for each function it appears in
configure:8901: $? = 1
configure: failed program was:
| /* confdefs.h */
| #define PACKAGE_NAME "libXft"
| #define PACKAGE_TARNAME "libXft"
| #define PACKAGE_VERSION "2.3.2"
| #define PACKAGE_STRING "libXft 2.3.2"
| #define PACKAGE_BUGREPORT "https://bugs.freedesktop.org/enter_bug.cgi?product=xorg"
| #define PACKAGE_URL ""
| #define PACKAGE "libXft"
| #define VERSION "2.3.2"
| #define STDC_HEADERS 1
| #define HAVE_SYS_TYPES_H 1
| #define HAVE_SYS_STAT_H 1
| #define HAVE_STDLIB_H 1
| #define HAVE_STRING_H 1
| #define HAVE_MEMORY_H 1
| #define HAVE_STRINGS_H 1
| #define HAVE_INTTYPES_H 1
| #define HAVE_STDINT_H 1
| #define HAVE_UNISTD_H 1
| #define HAVE_DLFCN_H 1
| #define LT_OBJDIR ".libs/"
| /* end confdefs.h.  */
| #include <stdio.h>
| #ifdef HAVE_SYS_TYPES_H
| # include <sys/types.h>
| #endif
| #ifdef HAVE_SYS_STAT_H
| # include <sys/stat.h>
| #endif
| #ifdef STDC_HEADERS
| # include <stdlib.h>
| # include <stddef.h>
| #else
| # ifdef HAVE_STDLIB_H
| #  include <stdlib.h>
| # endif
| #endif
| #ifdef HAVE_STRING_H
| # if !defined STDC_HEADERS && defined HAVE_MEMORY_H
| #  include <memory.h>
| # endif
| # include <string.h>
| #endif
| #ifdef HAVE_STRINGS_H
| # include <strings.h>
| #endif
| #ifdef HAVE_INTTYPES_H
| # include <inttypes.h>
| #endif
| #ifdef HAVE_STDINT_H
| # include <stdint.h>
| #endif
| #ifdef HAVE_UNISTD_H
| # include <unistd.h>
| #endif
| int
| main ()
| {
| #ifndef __INTEL_COMPILER
| #ifdef __cplusplus
|   (void) __INTEL_COMPILER;
| #else
|   (void) __INTEL_COMPILER;
| #endif
| #endif
| 
|   ;
|   return 0;
| }
configure:8901: result: no
configure:8908: checking whether __SUNPRO_C is declared
configure:8908: gcc -c -g -O2 -fdebug-prefix-map=/home/antonio/xft-2.3.2=. -fstack-protector-strong -Wformat -Werror=format-security -Wdate-time -D_FORTIFY_SOURCE=2 conftest.c >&5
conftest.c: In function 'main':
conftest.c:63:10: error: '__SUNPRO_C' undeclared (first use in this function)
   (void) __SUNPRO_C;
          ^~~~~~~~~~
conftest.c:63:10: note: each undeclared identifier is reported only once for each function it appears in
configure:8908: $? = 1
configure: failed program was:
| /* confdefs.h */
| #define PACKAGE_NAME "libXft"
| #define PACKAGE_TARNAME "libXft"
| #define PACKAGE_VERSION "2.3.2"
| #define PACKAGE_STRING "libXft 2.3.2"
| #define PACKAGE_BUGREPORT "https://bugs.freedesktop.org/enter_bug.cgi?product=xorg"
| #define PACKAGE_URL ""
| #define PACKAGE "libXft"
| #define VERSION "2.3.2"
| #define STDC_HEADERS 1
| #define HAVE_SYS_TYPES_H 1
| #define HAVE_SYS_STAT_H 1
| #define HAVE_STDLIB_H 1
| #define HAVE_STRING_H 1
| #define HAVE_MEMORY_H 1
| #define HAVE_STRINGS_H 1
| #define HAVE_INTTYPES_H 1
| #define HAVE_STDINT_H 1
| #define HAVE_UNISTD_H 1
| #define HAVE_DLFCN_H 1
| #define LT_OBJDIR ".libs/"
| /* end confdefs.h.  */
| #include <stdio.h>
| #ifdef HAVE_SYS_TYPES_H
| # include <sys/types.h>
| #endif
| #ifdef HAVE_SYS_STAT_H
| # include <sys/stat.h>
| #endif
| #ifdef STDC_HEADERS
| # include <stdlib.h>
| # include <stddef.h>
| #else
| # ifdef HAVE_STDLIB_H
| #  include <stdlib.h>
| # endif
| #endif
| #ifdef HAVE_STRING_H
| # if !defined STDC_HEADERS && defined HAVE_MEMORY_H
| #  include <memory.h>
| # endif
| # include <string.h>
| #endif
| #ifdef HAVE_STRINGS_H
| # include <strings.h>
| #endif
| #ifdef HAVE_INTTYPES_H
| # include <inttypes.h>
| #endif
| #ifdef HAVE_STDINT_H
| # include <stdint.h>
| #endif
| #ifdef HAVE_UNISTD_H
| # include <unistd.h>
| #endif
| int
| main ()
| {
| #ifndef __SUNPRO_C
| #ifdef __cplusplus
|   (void) __SUNPRO_C;
| #else
|   (void) __SUNPRO_C;
| #endif
| #endif
| 
|   ;
|   return 0;
| }
configure:8908: result: no
configure:8970: checking for pkg-config
configure:8988: found /usr/bin/pkg-config
configure:9000: result: /usr/bin/pkg-config
configure:9025: checking pkg-config is at least version 0.9.0
configure:9028: result: yes
configure:9077: checking if gcc supports -Werror=unknown-warning-option
configure:9086: gcc -c -g -O2 -fdebug-prefix-map=/home/antonio/xft-2.3.2=. -fstack-protector-strong -Wformat -Werror=format-security -Werror=unknown-warning-option -Wdate-time -D_FORTIFY_SOURCE=2 conftest.c >&5
cc1: error: -Werror=unknown-warning-option: no option -Wunknown-warning-option
configure:9086: $? = 1
configure: failed program was:
| /* confdefs.h */
| #define PACKAGE_NAME "libXft"
| #define PACKAGE_TARNAME "libXft"
| #define PACKAGE_VERSION "2.3.2"
| #define PACKAGE_STRING "libXft 2.3.2"
| #define PACKAGE_BUGREPORT "https://bugs.freedesktop.org/enter_bug.cgi?product=xorg"
| #define PACKAGE_URL ""
| #define PACKAGE "libXft"
| #define VERSION "2.3.2"
| #define STDC_HEADERS 1
| #define HAVE_SYS_TYPES_H 1
| #define HAVE_SYS_STAT_H 1
| #define HAVE_STDLIB_H 1
| #define HAVE_STRING_H 1
| #define HAVE_MEMORY_H 1
| #define HAVE_STRINGS_H 1
| #define HAVE_INTTYPES_H 1
| #define HAVE_STDINT_H 1
| #define HAVE_UNISTD_H 1
| #define HAVE_DLFCN_H 1
| #define LT_OBJDIR ".libs/"
| /* end confdefs.h.  */
| int i;
configure:9093: result: no
configure:9104: checking if gcc supports -Werror=unused-command-line-argument
configure:9113: gcc -c -g -O2 -fdebug-prefix-map=/home/antonio/xft-2.3.2=. -fstack-protector-strong -Wformat -Werror=format-security -Werror=unused-command-line-argument -Wdate-time -D_FORTIFY_SOURCE=2 conftest.c >&5
cc1: error: -Werror=unused-command-line-argument: no option -Wunused-command-line-argument
configure:9113: $? = 1
configure: failed program was:
| /* confdefs.h */
| #define PACKAGE_NAME "libXft"
| #define PACKAGE_TARNAME "libXft"
| #define PACKAGE_VERSION "2.3.2"
| #define PACKAGE_STRING "libXft 2.3.2"
| #define PACKAGE_BUGREPORT "https://bugs.freedesktop.org/enter_bug.cgi?product=xorg"
| #define PACKAGE_URL ""
| #define PACKAGE "libXft"
| #define VERSION "2.3.2"
| #define STDC_HEADERS 1
| #define HAVE_SYS_TYPES_H 1
| #define HAVE_SYS_STAT_H 1
| #define HAVE_STDLIB_H 1
| #define HAVE_STRING_H 1
| #define HAVE_MEMORY_H 1
| #define HAVE_STRINGS_H 1
| #define HAVE_INTTYPES_H 1
| #define HAVE_STDINT_H 1
| #define HAVE_UNISTD_H 1
| #define HAVE_DLFCN_H 1
| #define LT_OBJDIR ".libs/"
| /* end confdefs.h.  */
| int i;
configure:9120: result: no
configure:9139: checking if gcc supports -Wall
configure:9156: gcc -o conftest -g -O2 -fdebug-prefix-map=/home/antonio/xft-2.3.2=. -fstack-protector-strong -Wformat -Werror=format-security -Wall -Wdate-time -D_FORTIFY_SOURCE=2 -Wl,-z,relro conftest.c  >&5
configure:9156: $? = 0
configure:9169: result: yes
configure:9257: checking if gcc supports -Wpointer-arith
configure:9274: gcc -o conftest -g -O2 -fdebug-prefix-map=/home/antonio/xft-2.3.2=. -fstack-protector-strong -Wformat -Werror=format-security -Wpointer-arith -Wdate-time -D_FORTIFY_SOURCE=2 -Wl,-z,relro conftest.c  >&5
configure:9274: $? = 0
configure:9287: result: yes
configure:9375: checking if gcc supports -Wmissing-declarations
configure:9392: gcc -o conftest -g -O2 -fdebug-prefix-map=/home/antonio/xft-2.3.2=. -fstack-protector-strong -Wformat -Werror=format-security -Wmissing-declarations -Wdate-time -D_FORTIFY_SOURCE=2 -Wl,-z,relro conftest.c  >&5
configure:9392: $? = 0
configure:9405: result: yes
configure:9493: checking if gcc supports -Wformat=2
configure:9510: gcc -o conftest -g -O2 -fdebug-prefix-map=/home/antonio/xft-2.3.2=. -fstack-protector-strong -Wformat -Werror=format-security -Wformat=2 -Wdate-time -D_FORTIFY_SOURCE=2 -Wl,-z,relro conftest.c  >&5
configure:9510: $? = 0
configure:9523: result: yes
configure:9662: checking if gcc supports -Wstrict-prototypes
configure:9679: gcc -o conftest -g -O2 -fdebug-prefix-map=/home/antonio/xft-2.3.2=. -fstack-protector-strong -Wformat -Werror=format-security -Wstrict-prototypes -Wdate-time -D_FORTIFY_SOURCE=2 -Wl,-z,relro conftest.c  >&5
conftest.c:25:1: warning: function declaration isn't a prototype [-Wstrict-prototypes]
 main ()
 ^~~~
configure:9679: $? = 0
configure:9692: result: yes
configure:9780: checking if gcc supports -Wmissing-prototypes
configure:9797: gcc -o conftest -g -O2 -fdebug-prefix-map=/home/antonio/xft-2.3.2=. -fstack-protector-strong -Wformat -Werror=format-security -Wmissing-prototypes -Wdate-time -D_FORTIFY_SOURCE=2 -Wl,-z,relro conftest.c  >&5
configure:9797: $? = 0
configure:9810: result: yes
configure:9898: checking if gcc supports -Wnested-externs
configure:9915: gcc -o conftest -g -O2 -fdebug-prefix-map=/home/antonio/xft-2.3.2=. -fstack-protector-strong -Wformat -Werror=format-security -Wnested-externs -Wdate-time -D_FORTIFY_SOURCE=2 -Wl,-z,relro conftest.c  >&5
configure:9915: $? = 0
configure:9928: result: yes
configure:10016: checking if gcc supports -Wbad-function-cast
configure:10033: gcc -o conftest -g -O2 -fdebug-prefix-map=/home/antonio/xft-2.3.2=. -fstack-protector-strong -Wformat -Werror=format-security -Wbad-function-cast -Wdate-time -D_FORTIFY_SOURCE=2 -Wl,-z,relro conftest.c  >&5
configure:10033: $? = 0
configure:10046: result: yes
configure:10134: checking if gcc supports -Wold-style-definition
configure:10151: gcc -o conftest -g -O2 -fdebug-prefix-map=/home/antonio/xft-2.3.2=. -fstack-protector-strong -Wformat -Werror=format-security -Wold-style-definition -Wdate-time -D_FORTIFY_SOURCE=2 -Wl,-z,relro conftest.c  >&5
conftest.c: In function 'main':
conftest.c:25:1: warning: old-style function definition [-Wold-style-definition]
 main ()
 ^~~~
configure:10151: $? = 0
configure:10164: result: yes
configure:10301: checking if gcc supports -Wdeclaration-after-statement
configure:10318: gcc -o conftest -g -O2 -fdebug-prefix-map=/home/antonio/xft-2.3.2=. -fstack-protector-strong -Wformat -Werror=format-security -Wdeclaration-after-statement -Wdate-time -D_FORTIFY_SOURCE=2 -Wl,-z,relro conftest.c  >&5
configure:10318: $? = 0
configure:10331: result: yes
configure:10423: checking if gcc supports -Wunused
configure:10440: gcc -o conftest -g -O2 -fdebug-prefix-map=/home/antonio/xft-2.3.2=. -fstack-protector-strong -Wformat -Werror=format-security -Wunused -Wdate-time -D_FORTIFY_SOURCE=2 -Wl,-z,relro conftest.c  >&5
configure:10440: $? = 0
configure:10453: result: yes
configure:10541: checking if gcc supports -Wuninitialized
configure:10558: gcc -o conftest -g -O2 -fdebug-prefix-map=/home/antonio/xft-2.3.2=. -fstack-protector-strong -Wformat -Werror=format-security -Wuninitialized -Wdate-time -D_FORTIFY_SOURCE=2 -Wl,-z,relro conftest.c  >&5
configure:10558: $? = 0
configure:10571: result: yes
configure:10659: checking if gcc supports -Wshadow
configure:10676: gcc -o conftest -g -O2 -fdebug-prefix-map=/home/antonio/xft-2.3.2=. -fstack-protector-strong -Wformat -Werror=format-security -Wshadow -Wdate-time -D_FORTIFY_SOURCE=2 -Wl,-z,relro conftest.c  >&5
configure:10676: $? = 0
configure:10689: result: yes
configure:10777: checking if gcc supports -Wmissing-noreturn
configure:10794: gcc -o conftest -g -O2 -fdebug-prefix-map=/home/antonio/xft-2.3.2=. -fstack-protector-strong -Wformat -Werror=format-security -Wmissing-noreturn -Wdate-time -D_FORTIFY_SOURCE=2 -Wl,-z,relro conftest.c  >&5
configure:10794: $? = 0
configure:10807: result: yes
configure:10895: checking if gcc supports -Wmissing-format-attribute
configure:10912: gcc -o conftest -g -O2 -fdebug-prefix-map=/home/antonio/xft-2.3.2=. -fstack-protector-strong -Wformat -Werror=format-security -Wmissing-format-attribute -Wdate-time -D_FORTIFY_SOURCE=2 -Wl,-z,relro conftest.c  >&5
configure:10912: $? = 0
configure:10925: result: yes
configure:11013: checking if gcc supports -Wredundant-decls
configure:11030: gcc -o conftest -g -O2 -fdebug-prefix-map=/home/antonio/xft-2.3.2=. -fstack-protector-strong -Wformat -Werror=format-security -Wredundant-decls -Wdate-time -D_FORTIFY_SOURCE=2 -Wl,-z,relro conftest.c  >&5
configure:11030: $? = 0
configure:11043: result: yes
configure:11131: checking if gcc supports -Wlogical-op
configure:11148: gcc -o conftest -g -O2 -fdebug-prefix-map=/home/antonio/xft-2.3.2=. -fstack-protector-strong -Wformat -Werror=format-security -Wlogical-op -Wdate-time -D_FORTIFY_SOURCE=2 -Wl,-z,relro conftest.c  >&5
configure:11148: $? = 0
configure:11161: result: yes
configure:11261: checking if gcc supports -Werror=implicit
configure:11278: gcc -o conftest -g -O2 -fdebug-prefix-map=/home/antonio/xft-2.3.2=. -fstack-protector-strong -Wformat -Werror=format-security -Werror=implicit -Wdate-time -D_FORTIFY_SOURCE=2 -Wl,-z,relro conftest.c  >&5
configure:11278: $? = 0
configure:11291: result: yes
configure:11428: checking if gcc supports -Werror=nonnull
configure:11445: gcc -o conftest -g -O2 -fdebug-prefix-map=/home/antonio/xft-2.3.2=. -fstack-protector-strong -Wformat -Werror=format-security -Werror=nonnull -Wdate-time -D_FORTIFY_SOURCE=2 -Wl,-z,relro conftest.c  >&5
configure:11445: $? = 0
configure:11458: result: yes
configure:11546: checking if gcc supports -Werror=init-self
configure:11563: gcc -o conftest -g -O2 -fdebug-prefix-map=/home/antonio/xft-2.3.2=. -fstack-protector-strong -Wformat -Werror=format-security -Werror=init-self -Wdate-time -D_FORTIFY_SOURCE=2 -Wl,-z,relro conftest.c  >&5
configure:11563: $? = 0
configure:11576: result: yes
configure:11664: checking if gcc supports -Werror=main
configure:11681: gcc -o conftest -g -O2 -fdebug-prefix-map=/home/antonio/xft-2.3.2=. -fstack-protector-strong -Wformat -Werror=format-security -Werror=main -Wdate-time -D_FORTIFY_SOURCE=2 -Wl,-z,relro conftest.c  >&5
configure:11681: $? = 0
configure:11694: result: yes
configure:11782: checking if gcc supports -Werror=missing-braces
configure:11799: gcc -o conftest -g -O2 -fdebug-prefix-map=/home/antonio/xft-2.3.2=. -fstack-protector-strong -Wformat -Werror=format-security -Werror=missing-braces -Wdate-time -D_FORTIFY_SOURCE=2 -Wl,-z,relro conftest.c  >&5
configure:11799: $? = 0
configure:11812: result: yes
configure:11900: checking if gcc supports -Werror=sequence-point
configure:11917: gcc -o conftest -g -O2 -fdebug-prefix-map=/home/antonio/xft-2.3.2=. -fstack-protector-strong -Wformat -Werror=format-security -Werror=sequence-point -Wdate-time -D_FORTIFY_SOURCE=2 -Wl,-z,relro conftest.c  >&5
configure:11917: $? = 0
configure:11930: result: yes
configure:12018: checking if gcc supports -Werror=return-type
configure:12035: gcc -o conftest -g -O2 -fdebug-prefix-map=/home/antonio/xft-2.3.2=. -fstack-protector-strong -Wformat -Werror=format-security -Werror=return-type -Wdate-time -D_FORTIFY_SOURCE=2 -Wl,-z,relro conftest.c  >&5
configure:12035: $? = 0
configure:12048: result: yes
configure:12185: checking if gcc supports -Werror=trigraphs
configure:12202: gcc -o conftest -g -O2 -fdebug-prefix-map=/home/antonio/xft-2.3.2=. -fstack-protector-strong -Wformat -Werror=format-security -Werror=trigraphs -Wdate-time -D_FORTIFY_SOURCE=2 -Wl,-z,relro conftest.c  >&5
configure:12202: $? = 0
configure:12215: result: yes
configure:12303: checking if gcc supports -Werror=array-bounds
configure:12320: gcc -o conftest -g -O2 -fdebug-prefix-map=/home/antonio/xft-2.3.2=. -fstack-protector-strong -Wformat -Werror=format-security -Werror=array-bounds -Wdate-time -D_FORTIFY_SOURCE=2 -Wl,-z,relro conftest.c  >&5
configure:12320: $? = 0
configure:12333: result: yes
configure:12421: checking if gcc supports -Werror=write-strings
configure:12438: gcc -o conftest -g -O2 -fdebug-prefix-map=/home/antonio/xft-2.3.2=. -fstack-protector-strong -Wformat -Werror=format-security -Werror=write-strings -Wdate-time -D_FORTIFY_SOURCE=2 -Wl,-z,relro conftest.c  >&5
configure:12438: $? = 0
configure:12451: result: yes
configure:12539: checking if gcc supports -Werror=address
configure:12556: gcc -o conftest -g -O2 -fdebug-prefix-map=/home/antonio/xft-2.3.2=. -fstack-protector-strong -Wformat -Werror=format-security -Werror=address -Wdate-time -D_FORTIFY_SOURCE=2 -Wl,-z,relro conftest.c  >&5
configure:12556: $? = 0
configure:12569: result: yes
configure:12657: checking if gcc supports -Werror=int-to-pointer-cast
configure:12674: gcc -o conftest -g -O2 -fdebug-prefix-map=/home/antonio/xft-2.3.2=. -fstack-protector-strong -Wformat -Werror=format-security -Werror=int-to-pointer-cast -Wdate-time -D_FORTIFY_SOURCE=2 -Wl,-z,relro conftest.c  >&5
configure:12674: $? = 0
configure:12687: result: yes
configure:12824: checking if gcc supports -Werror=pointer-to-int-cast
configure:12841: gcc -o conftest -g -O2 -fdebug-prefix-map=/home/antonio/xft-2.3.2=. -fstack-protector-strong -Wformat -Werror=format-security -Werror=pointer-to-int-cast -Wdate-time -D_FORTIFY_SOURCE=2 -Wl,-z,relro conftest.c  >&5
configure:12841: $? = 0
configure:12854: result: yes
configure:14512: checking if gcc supports -pedantic
configure:14529: gcc -o conftest -g -O2 -fdebug-prefix-map=/home/antonio/xft-2.3.2=. -fstack-protector-strong -Wformat -Werror=format-security -pedantic -Wdate-time -D_FORTIFY_SOURCE=2 -Wl,-z,relro conftest.c  >&5
configure:14529: $? = 0
configure:14542: result: yes
configure:14630: checking if gcc supports -Werror
configure:14647: gcc -o conftest -g -O2 -fdebug-prefix-map=/home/antonio/xft-2.3.2=. -fstack-protector-strong -Wformat -Werror=format-security -Werror -Wdate-time -D_FORTIFY_SOURCE=2 -Wl,-z,relro conftest.c  >&5
configure:14647: $? = 0
configure:14660: result: yes
configure:14800: checking if gcc supports -Werror=attributes
configure:14817: gcc -o conftest -g -O2 -fdebug-prefix-map=/home/antonio/xft-2.3.2=. -fstack-protector-strong -Wformat -Werror=format-security -Werror=attributes -Wdate-time -D_FORTIFY_SOURCE=2 -Wl,-z,relro conftest.c  >&5
configure:14817: $? = 0
configure:14830: result: yes
configure:14990: checking whether make supports nested variables
configure:15007: result: yes
configure:15048: checking for XRENDER
configure:15055: $PKG_CONFIG --exists --print-errors "xrender >= 0.8.2 x11"
configure:15058: $? = 0
configure:15072: $PKG_CONFIG --exists --print-errors "xrender >= 0.8.2 x11"
configure:15075: $? = 0
configure:15133: result: yes
configure:15141: checking for FREETYPE
configure:15148: $PKG_CONFIG --exists --print-errors "freetype2 >= 2.1.6"
configure:15151: $? = 0
configure:15165: $PKG_CONFIG --exists --print-errors "freetype2 >= 2.1.6"
configure:15168: $? = 0
configure:15226: result: yes
configure:15234: checking for FONTCONFIG
configure:15241: $PKG_CONFIG --exists --print-errors "fontconfig >= 2.5.92"
configure:15244: $? = 0
configure:15258: $PKG_CONFIG --exists --print-errors "fontconfig >= 2.5.92"
configure:15261: $? = 0
configure:15319: result: yes
configure:15438: checking that generated files are newer than configure
configure:15444: result: done
configure:15467: creating ./config.status

## ---------------------- ##
## Running config.status. ##
## ---------------------- ##

This file was extended by libXft config.status 2.3.2, which was
generated by GNU Autoconf 2.69.  Invocation command line was

  CONFIG_FILES    = 
  CONFIG_HEADERS  = 
  CONFIG_LINKS    = 
  CONFIG_COMMANDS = 
  $ ./config.status 

on x240

config.status:1130: creating Makefile
config.status:1130: creating xft.pc
config.status:1130: creating src/Makefile
config.status:1130: creating man/Makefile
config.status:1130: creating config.h
config.status:1130: creating include/X11/Xft/Xft.h
config.status:1344: executing depfiles commands
config.status:1344: executing libtool commands
configure:17610: WARNING: unrecognized options: --disable-maintainer-mode

## ---------------- ##
## Cache variables. ##
## ---------------- ##

ac_cv_build=x86_64-pc-linux-gnu
ac_cv_c_compiler_gnu=yes
ac_cv_env_CC_set=
ac_cv_env_CC_value=
ac_cv_env_CFLAGS_set=set
ac_cv_env_CFLAGS_value='-g -O2 -fdebug-prefix-map=/home/antonio/xft-2.3.2=. -fstack-protector-strong -Wformat -Werror=format-security'
ac_cv_env_CPPFLAGS_set=set
ac_cv_env_CPPFLAGS_value='-Wdate-time -D_FORTIFY_SOURCE=2'
ac_cv_env_CPP_set=
ac_cv_env_CPP_value=
ac_cv_env_FONTCONFIG_CFLAGS_set=
ac_cv_env_FONTCONFIG_CFLAGS_value=
ac_cv_env_FONTCONFIG_LIBS_set=
ac_cv_env_FONTCONFIG_LIBS_value=
ac_cv_env_FREETYPE_CFLAGS_set=
ac_cv_env_FREETYPE_CFLAGS_value=
ac_cv_env_FREETYPE_LIBS_set=
ac_cv_env_FREETYPE_LIBS_value=
ac_cv_env_LDFLAGS_set=set
ac_cv_env_LDFLAGS_value=-Wl,-z,relro
ac_cv_env_LIBS_set=
ac_cv_env_LIBS_value=
ac_cv_env_LT_SYS_LIBRARY_PATH_set=
ac_cv_env_LT_SYS_LIBRARY_PATH_value=
ac_cv_env_PKG_CONFIG_LIBDIR_set=
ac_cv_env_PKG_CONFIG_LIBDIR_value=
ac_cv_env_PKG_CONFIG_PATH_set=
ac_cv_env_PKG_CONFIG_PATH_value=
ac_cv_env_PKG_CONFIG_set=
ac_cv_env_PKG_CONFIG_value=
ac_cv_env_XRENDER_CFLAGS_set=
ac_cv_env_XRENDER_CFLAGS_value=
ac_cv_env_XRENDER_LIBS_set=
ac_cv_env_XRENDER_LIBS_value=
ac_cv_env_build_alias_set=set
ac_cv_env_build_alias_value=x86_64-linux-gnu
ac_cv_env_host_alias_set=
ac_cv_env_host_alias_value=
ac_cv_env_target_alias_set=
ac_cv_env_target_alias_value=
ac_cv_have_decl___INTEL_COMPILER=no
ac_cv_have_decl___SUNPRO_C=no
ac_cv_have_decl___clang__=no
ac_cv_header_dlfcn_h=yes
ac_cv_header_inttypes_h=yes
ac_cv_header_memory_h=yes
ac_cv_header_stdc=yes
ac_cv_header_stdint_h=yes
ac_cv_header_stdlib_h=yes
ac_cv_header_string_h=yes
ac_cv_header_strings_h=yes
ac_cv_header_sys_stat_h=yes
ac_cv_header_sys_types_h=yes
ac_cv_header_unistd_h=yes
ac_cv_host=x86_64-pc-linux-gnu
ac_cv_objext=o
ac_cv_path_EGREP='/usr/bin/grep -E'
ac_cv_path_FGREP='/usr/bin/grep -F'
ac_cv_path_GREP=/usr/bin/grep
ac_cv_path_SED=/usr/bin/sed
ac_cv_path_ac_pt_PKG_CONFIG=/usr/bin/pkg-config
ac_cv_path_install='/usr/bin/install -c'
ac_cv_path_lt_DD=/usr/bin/dd
ac_cv_path_mkdir=/usr/bin/mkdir
ac_cv_prog_AWK=mawk
ac_cv_prog_CPP='gcc -E'
ac_cv_prog_ac_ct_AR=ar
ac_cv_prog_ac_ct_CC=gcc
ac_cv_prog_ac_ct_MANIFEST_TOOL=mt
ac_cv_prog_ac_ct_OBJDUMP=objdump
ac_cv_prog_ac_ct_RANLIB=ranlib
ac_cv_prog_ac_ct_STRIP=strip
ac_cv_prog_cc_c89=
ac_cv_prog_cc_c99=
ac_cv_prog_cc_g=yes
ac_cv_prog_make_make_set=yes
am_cv_CC_dependencies_compiler_type=none
am_cv_make_support_nested_variables=yes
am_cv_prog_cc_c_o=yes
lt_cv_ar_at_file=@
lt_cv_archive_cmds_need_lc=no
lt_cv_deplibs_check_method=pass_all
lt_cv_file_magic_cmd='$MAGIC_CMD'
lt_cv_file_magic_test_file=
lt_cv_ld_reload_flag=-r
lt_cv_nm_interface='BSD nm'
lt_cv_objdir=.libs
lt_cv_path_LD=/usr/bin/ld
lt_cv_path_NM='/usr/bin/nm -B'
lt_cv_path_mainfest_tool=no
lt_cv_prog_compiler_c_o=yes
lt_cv_prog_compiler_pic='-fPIC -DPIC'
lt_cv_prog_compiler_pic_works=yes
lt_cv_prog_compiler_rtti_exceptions=no
lt_cv_prog_compiler_static_works=yes
lt_cv_prog_gnu_ld=yes
lt_cv_sharedlib_from_linklib_cmd='printf %s\n'
lt_cv_shlibpath_overrides_runpath=yes
lt_cv_sys_global_symbol_pipe='sed -n -e '\''s/^.*[	 ]\([ABCDGIRSTW][ABCDGIRSTW]*\)[	 ][	 ]*\([_A-Za-z][_A-Za-z0-9]*\)$/\1 \2 \2/p'\'' | sed '\''/ __gnu_lto/d'\'''
lt_cv_sys_global_symbol_to_c_name_address='sed -n -e '\''s/^: \(.*\) .*$/  {"\1", (void *) 0},/p'\'' -e '\''s/^[ABCDGIRSTW][ABCDGIRSTW]* .* \(.*\)$/  {"\1", (void *) \&\1},/p'\'''
lt_cv_sys_global_symbol_to_c_name_address_lib_prefix='sed -n -e '\''s/^: \(.*\) .*$/  {"\1", (void *) 0},/p'\'' -e '\''s/^[ABCDGIRSTW][ABCDGIRSTW]* .* \(lib.*\)$/  {"\1", (void *) \&\1},/p'\'' -e '\''s/^[ABCDGIRSTW][ABCDGIRSTW]* .* \(.*\)$/  {"lib\1", (void *) \&\1},/p'\'''
lt_cv_sys_global_symbol_to_cdecl='sed -n -e '\''s/^T .* \(.*\)$/extern int \1();/p'\'' -e '\''s/^[ABCDGIRSTW][ABCDGIRSTW]* .* \(.*\)$/extern char \1;/p'\'''
lt_cv_sys_global_symbol_to_import=
lt_cv_sys_max_cmd_len=1572864
lt_cv_to_host_file_cmd=func_convert_file_noop
lt_cv_to_tool_file_cmd=func_convert_file_noop
lt_cv_truncate_bin='/usr/bin/dd bs=4096 count=1'
pkg_cv_FONTCONFIG_CFLAGS='-I/usr/include/uuid -I/usr/include/freetype2 -I/usr/include/libpng16'
pkg_cv_FONTCONFIG_LIBS='-lfontconfig -lfreetype'
pkg_cv_FREETYPE_CFLAGS='-I/usr/include/freetype2 -I/usr/include/libpng16'
pkg_cv_FREETYPE_LIBS=-lfreetype
pkg_cv_XRENDER_CFLAGS=
pkg_cv_XRENDER_LIBS='-lXrender -lX11'
xorg_cv_cc_flag__Wall=yes
xorg_cv_cc_flag__Wbad_function_cast=yes
xorg_cv_cc_flag__Wdeclaration_after_statement=yes
xorg_cv_cc_flag__Werror=yes
xorg_cv_cc_flag__Werror_address=yes
xorg_cv_cc_flag__Werror_array_bounds=yes
xorg_cv_cc_flag__Werror_attributes=yes
xorg_cv_cc_flag__Werror_implicit=yes
xorg_cv_cc_flag__Werror_init_self=yes
xorg_cv_cc_flag__Werror_int_to_pointer_cast=yes
xorg_cv_cc_flag__Werror_main=yes
xorg_cv_cc_flag__Werror_missing_braces=yes
xorg_cv_cc_flag__Werror_nonnull=yes
xorg_cv_cc_flag__Werror_pointer_to_int_cast=yes
xorg_cv_cc_flag__Werror_return_type=yes
xorg_cv_cc_flag__Werror_sequence_point=yes
xorg_cv_cc_flag__Werror_trigraphs=yes
xorg_cv_cc_flag__Werror_write_strings=yes
xorg_cv_cc_flag__Wformat_2=yes
xorg_cv_cc_flag__Wlogical_op=yes
xorg_cv_cc_flag__Wmissing_declarations=yes
xorg_cv_cc_flag__Wmissing_format_attribute=yes
xorg_cv_cc_flag__Wmissing_noreturn=yes
xorg_cv_cc_flag__Wmissing_prototypes=yes
xorg_cv_cc_flag__Wnested_externs=yes
xorg_cv_cc_flag__Wold_style_definition=yes
xorg_cv_cc_flag__Wpointer_arith=yes
xorg_cv_cc_flag__Wredundant_decls=yes
xorg_cv_cc_flag__Wshadow=yes
xorg_cv_cc_flag__Wstrict_prototypes=yes
xorg_cv_cc_flag__Wuninitialized=yes
xorg_cv_cc_flag__Wunused=yes
xorg_cv_cc_flag__pedantic=yes
xorg_cv_cc_flag_unknown_warning_option=no
xorg_cv_cc_flag_unused_command_line_argument=no

## ----------------- ##
## Output variables. ##
## ----------------- ##

ACLOCAL='${SHELL} /home/antonio/xft-2.3.2/missing aclocal-1.16'
ADMIN_MAN_DIR='$(mandir)/man$(ADMIN_MAN_SUFFIX)'
ADMIN_MAN_SUFFIX='8'
AMDEPBACKSLASH=''
AMDEP_FALSE=''
AMDEP_TRUE='#'
AMTAR='$${TAR-tar}'
AM_BACKSLASH='\'
AM_DEFAULT_V='$(AM_DEFAULT_VERBOSITY)'
AM_DEFAULT_VERBOSITY='1'
AM_V='$(V)'
APP_MAN_DIR='$(mandir)/man$(APP_MAN_SUFFIX)'
APP_MAN_SUFFIX='1'
AR='ar'
AUTOCONF='${SHELL} /home/antonio/xft-2.3.2/missing autoconf'
AUTOHEADER='${SHELL} /home/antonio/xft-2.3.2/missing autoheader'
AUTOMAKE='${SHELL} /home/antonio/xft-2.3.2/missing automake-1.16'
AWK='mawk'
BASE_CFLAGS=' -Wall -Wpointer-arith -Wmissing-declarations -Wformat=2 -Wstrict-prototypes -Wmissing-prototypes -Wnested-externs -Wbad-function-cast -Wold-style-definition -Wdeclaration-after-statement -Wunused -Wuninitialized -Wshadow -Wmissing-noreturn -Wmissing-format-attribute -Wredundant-decls -Wlogical-op -Werror=implicit -Werror=nonnull -Werror=init-self -Werror=main -Werror=missing-braces -Werror=sequence-point -Werror=return-type -Werror=trigraphs -Werror=array-bounds -Werror=write-strings -Werror=address -Werror=int-to-pointer-cast -Werror=pointer-to-int-cast'
CC='gcc'
CCDEPMODE='depmode=none'
CFLAGS='-g -O2 -fdebug-prefix-map=/home/antonio/xft-2.3.2=. -fstack-protector-strong -Wformat -Werror=format-security'
CHANGELOG_CMD='(GIT_DIR=$(top_srcdir)/.git git log > $(top_srcdir)/.changelog.tmp && mv $(top_srcdir)/.changelog.tmp $(top_srcdir)/ChangeLog) || (rm -f $(top_srcdir)/.changelog.tmp; touch $(top_srcdir)/ChangeLog; echo '\''git directory not found: installing possibly empty changelog.'\'' >&2)'
CPP='gcc -E'
CPPFLAGS='-Wdate-time -D_FORTIFY_SOURCE=2'
CWARNFLAGS=' -Wall -Wpointer-arith -Wmissing-declarations -Wformat=2 -Wstrict-prototypes -Wmissing-prototypes -Wnested-externs -Wbad-function-cast -Wold-style-definition -Wdeclaration-after-statement -Wunused -Wuninitialized -Wshadow -Wmissing-noreturn -Wmissing-format-attribute -Wredundant-decls -Wlogical-op -Werror=implicit -Werror=nonnull -Werror=init-self -Werror=main -Werror=missing-braces -Werror=sequence-point -Werror=return-type -Werror=trigraphs -Werror=array-bounds -Werror=write-strings -Werror=address -Werror=int-to-pointer-cast -Werror=pointer-to-int-cast -fno-strict-aliasing'
CYGPATH_W='echo'
DEFS='-DHAVE_CONFIG_H'
DEPDIR='.deps'
DLLTOOL='false'
DRIVER_MAN_DIR='$(mandir)/man$(DRIVER_MAN_SUFFIX)'
DRIVER_MAN_SUFFIX='4'
DSYMUTIL=''
DUMPBIN=''
ECHO_C=''
ECHO_N='-n'
ECHO_T=''
EGREP='/usr/bin/grep -E'
EXEEXT=''
FGREP='/usr/bin/grep -F'
FILE_MAN_DIR='$(mandir)/man$(FILE_MAN_SUFFIX)'
FILE_MAN_SUFFIX='5'
FONTCONFIG_CFLAGS='-I/usr/include/uuid -I/usr/include/freetype2 -I/usr/include/libpng16'
FONTCONFIG_LIBS='-lfontconfig -lfreetype'
FREETYPE_CFLAGS='-I/usr/include/freetype2 -I/usr/include/libpng16'
FREETYPE_LIBS='-lfreetype'
GREP='/usr/bin/grep'
INSTALL_CMD='(cp -f /usr/share/util-macros/INSTALL $(top_srcdir)/.INSTALL.tmp && mv $(top_srcdir)/.INSTALL.tmp $(top_srcdir)/INSTALL) || (rm -f $(top_srcdir)/.INSTALL.tmp; touch $(top_srcdir)/INSTALL; echo '\''util-macros "pkgdatadir" from xorg-macros.pc not found: installing possibly empty INSTALL.'\'' >&2)'
INSTALL_DATA='${INSTALL} -m 644'
INSTALL_PROGRAM='${INSTALL}'
INSTALL_SCRIPT='${INSTALL}'
INSTALL_STRIP_PROGRAM='$(install_sh) -c -s'
LD='/usr/bin/ld -m elf_x86_64'
LDFLAGS='-Wl,-z,relro'
LIBOBJS=''
LIBS=''
LIBTOOL='$(SHELL) $(top_builddir)/libtool'
LIB_MAN_DIR='$(mandir)/man$(LIB_MAN_SUFFIX)'
LIB_MAN_SUFFIX='3'
LIPO=''
LN_S='ln -s'
LTLIBOBJS=''
LT_SYS_LIBRARY_PATH=''
MAKEINFO='${SHELL} /home/antonio/xft-2.3.2/missing makeinfo'
MANIFEST_TOOL=':'
MAN_SUBSTS='	-e '\''s|__vendorversion__|"$(PACKAGE_STRING)" "$(XORG_MAN_PAGE)"|'\'' 	-e '\''s|__xorgversion__|"$(PACKAGE_STRING)" "$(XORG_MAN_PAGE)"|'\'' 	-e '\''s|__xservername__|Xorg|g'\'' 	-e '\''s|__xconfigfile__|xorg.conf|g'\'' 	-e '\''s|__projectroot__|$(prefix)|g'\'' 	-e '\''s|__apploaddir__|$(appdefaultdir)|g'\'' 	-e '\''s|__appmansuffix__|$(APP_MAN_SUFFIX)|g'\'' 	-e '\''s|__drivermansuffix__|$(DRIVER_MAN_SUFFIX)|g'\'' 	-e '\''s|__adminmansuffix__|$(ADMIN_MAN_SUFFIX)|g'\'' 	-e '\''s|__libmansuffix__|$(LIB_MAN_SUFFIX)|g'\'' 	-e '\''s|__miscmansuffix__|$(MISC_MAN_SUFFIX)|g'\'' 	-e '\''s|__filemansuffix__|$(FILE_MAN_SUFFIX)|g'\'''
MISC_MAN_DIR='$(mandir)/man$(MISC_MAN_SUFFIX)'
MISC_MAN_SUFFIX='7'
MKDIR_P='/usr/bin/mkdir -p'
NM='/usr/bin/nm -B'
NMEDIT=''
OBJDUMP='objdump'
OBJEXT='o'
OTOOL64=''
OTOOL=''
PACKAGE='libXft'
PACKAGE_BUGREPORT='https://bugs.freedesktop.org/enter_bug.cgi?product=xorg'
PACKAGE_NAME='libXft'
PACKAGE_STRING='libXft 2.3.2'
PACKAGE_TARNAME='libXft'
PACKAGE_URL=''
PACKAGE_VERSION='2.3.2'
PATH_SEPARATOR=':'
PKG_CONFIG='/usr/bin/pkg-config'
PKG_CONFIG_LIBDIR=''
PKG_CONFIG_PATH=''
RANLIB='ranlib'
SED='/usr/bin/sed'
SET_MAKE=''
SHELL='/bin/bash'
STRICT_CFLAGS=' -pedantic -Werror -Werror=attributes'
STRIP='strip'
VERSION='2.3.2'
XFT_LT_VERSION='2:3:2'
XORG_MAN_PAGE='X Version 11'
XRENDER_CFLAGS=''
XRENDER_LIBS='-lXrender -lX11'
ac_ct_AR='ar'
ac_ct_CC='gcc'
ac_ct_DUMPBIN=''
am__EXEEXT_FALSE=''
am__EXEEXT_TRUE='#'
am__fastdepCC_FALSE=''
am__fastdepCC_TRUE='#'
am__include='include'
am__isrc=' -I$(srcdir)'
am__leading_dot='.'
am__nodep=''
am__quote=''
am__tar='$${TAR-tar} chof - "$$tardir"'
am__untar='$${TAR-tar} xf -'
bindir='${exec_prefix}/bin'
build='x86_64-pc-linux-gnu'
build_alias='x86_64-linux-gnu'
build_cpu='x86_64'
build_os='linux-gnu'
build_vendor='pc'
datadir='${datarootdir}'
datarootdir='${prefix}/share'
docdir='${datarootdir}/doc/${PACKAGE_TARNAME}'
dvidir='${docdir}'
exec_prefix='${prefix}'
host='x86_64-pc-linux-gnu'
host_alias=''
host_cpu='x86_64'
host_os='linux-gnu'
host_vendor='pc'
htmldir='${docdir}'
includedir='${prefix}/include'
infodir='${prefix}/share/info'
install_sh='${SHELL} /home/antonio/xft-2.3.2/install-sh'
libdir='${prefix}/lib/x86_64-linux-gnu'
libexecdir='${prefix}/lib/x86_64-linux-gnu'
localedir='${datarootdir}/locale'
localstatedir='/var'
mandir='${prefix}/share/man'
mkdir_p='$(MKDIR_P)'
oldincludedir='/usr/include'
pdfdir='${docdir}'
prefix='/usr'
program_transform_name='s,x,x,'
psdir='${docdir}'
runstatedir='/run'
sbindir='${exec_prefix}/sbin'
sharedstatedir='${prefix}/com'
sysconfdir='/etc'
target_alias=''

## ----------- ##
## confdefs.h. ##
## ----------- ##

/* confdefs.h */
#define PACKAGE_NAME "libXft"
#define PACKAGE_TARNAME "libXft"
#define PACKAGE_VERSION "2.3.2"
#define PACKAGE_STRING "libXft 2.3.2"
#define PACKAGE_BUGREPORT "https://bugs.freedesktop.org/enter_bug.cgi?product=xorg"
#define PACKAGE_URL ""
#define PACKAGE "libXft"
#define VERSION "2.3.2"
#define STDC_HEADERS 1
#define HAVE_SYS_TYPES_H 1
#define HAVE_SYS_STAT_H 1
#define HAVE_STDLIB_H 1
#define HAVE_STRING_H 1
#define HAVE_MEMORY_H 1
#define HAVE_STRINGS_H 1
#define HAVE_INTTYPES_H 1
#define HAVE_STDINT_H 1
#define HAVE_UNISTD_H 1
#define HAVE_DLFCN_H 1
#define LT_OBJDIR ".libs/"
#define PACKAGE_VERSION_MAJOR 2
#define PACKAGE_VERSION_MINOR 3
#define PACKAGE_VERSION_PATCHLEVEL 2
#define XFT_MAJOR 2
#define XFT_MINOR 3
#define XFT_REVISION 2

configure: exit 0
